8/17/2018 1:03:00 PM	This log contains information about the import schema operation into project 'BTAM_SSDT' on computer 'VMINTPRS11047' by user 'alverer'.
8/17/2018 1:03:01 PM	Import of database schema has started.
8/17/2018 1:03:10 PM	Gathering database credentials
8/17/2018 1:03:10 PM	Gathering database options
8/17/2018 1:03:10 PM	Gathering users
8/17/2018 1:03:10 PM	Gathering roles
8/17/2018 1:03:10 PM	Gathering application roles
8/17/2018 1:03:10 PM	Gathering role memberships
8/17/2018 1:03:10 PM	Gathering filegroups
8/17/2018 1:03:10 PM	Gathering full-text catalogs
8/17/2018 1:03:10 PM	Gathering assemblies
8/17/2018 1:03:10 PM	Gathering certificates
8/17/2018 1:03:10 PM	Gathering asymmetric keys
8/17/2018 1:03:10 PM	Gathering symmetric keys
8/17/2018 1:03:10 PM	Gathering encrypted symmetric keys
8/17/2018 1:03:10 PM	Gathering schemas
8/17/2018 1:03:10 PM	Gathering XML schema collections
8/17/2018 1:03:10 PM	Gathering user-defined data types
8/17/2018 1:03:10 PM	Gathering user-defined types
8/17/2018 1:03:10 PM	Gathering table types
8/17/2018 1:03:10 PM	Gathering unique keys for table types
8/17/2018 1:03:10 PM	Gathering primary keys for table types
8/17/2018 1:03:10 PM	Gathering indexes for table types
8/17/2018 1:03:10 PM	Gathering check constraints for table types
8/17/2018 1:03:10 PM	Gathering default constraints for table types
8/17/2018 1:03:10 PM	Gathering partition functions
8/17/2018 1:03:10 PM	Gathering partition schemes
8/17/2018 1:03:10 PM	Gathering functions
8/17/2018 1:03:10 PM	Gathering encrypted functions
8/17/2018 1:03:10 PM	Gathering aggregates
8/17/2018 1:03:10 PM	Gathering procedures
8/17/2018 1:03:10 PM	Gathering encrypted procedures
8/17/2018 1:03:10 PM	Gathering tables
8/17/2018 1:03:10 PM	Gathering primary keys
8/17/2018 1:03:10 PM	Gathering unique constraints
8/17/2018 1:03:10 PM	Gathering foreign keys
8/17/2018 1:03:10 PM	Gathering default constraints
8/17/2018 1:03:10 PM	Gathering check constraints
8/17/2018 1:03:10 PM	Gathering views
8/17/2018 1:03:10 PM	Gathering encrypted views
8/17/2018 1:03:10 PM	Gathering indexes
8/17/2018 1:03:10 PM	Gathering statistics
8/17/2018 1:03:10 PM	Gathering full-text index stoplists
8/17/2018 1:03:10 PM	Gathering search property lists
8/17/2018 1:03:10 PM	Gathering search properties
8/17/2018 1:03:10 PM	Gathering full-text indexes
8/17/2018 1:03:10 PM	Gathering column store indexes
8/17/2018 1:03:10 PM	Gathering spatial indexes
8/17/2018 1:03:10 PM	Gathering XML indexes
8/17/2018 1:03:10 PM	Gathering Selective XML indexes
8/17/2018 1:03:10 PM	Gathering encrypted triggers
8/17/2018 1:03:10 PM	Gathering triggers
8/17/2018 1:03:10 PM	Gathering encrypted and clr ddl triggers
8/17/2018 1:03:10 PM	Gathering ddl triggers
8/17/2018 1:03:10 PM	Gathering synonyms
8/17/2018 1:03:10 PM	Gathering defaults
8/17/2018 1:03:10 PM	Gathering data constraint uddt bindings
8/17/2018 1:03:10 PM	Gathering rules
8/17/2018 1:03:10 PM	Gathering data constraint uddt bindings
8/17/2018 1:03:10 PM	Gathering message types
8/17/2018 1:03:10 PM	Gathering queues
8/17/2018 1:03:10 PM	Gathering contracts
8/17/2018 1:03:10 PM	Gathering services
8/17/2018 1:03:10 PM	Gathering event notifications
8/17/2018 1:03:10 PM	Gathering remote service bindings
8/17/2018 1:03:10 PM	Gathering broker priorities
8/17/2018 1:03:10 PM	Gathering signatures
8/17/2018 1:03:10 PM	Gathering data compression options
8/17/2018 1:03:10 PM	Gathering sequence types
8/17/2018 1:03:10 PM	Gathering security policies
8/17/2018 1:03:10 PM	Gather column encryption keys
8/17/2018 1:03:10 PM	Gathering column master keys
8/17/2018 1:03:10 PM	Gathering external data sources
8/17/2018 1:03:10 PM	Gathering external file formats
8/17/2018 1:03:10 PM	Gathering external tables
8/17/2018 1:03:10 PM	Gathering extended properties
8/17/2018 1:03:10 PM	Gathering credentials
8/17/2018 1:03:10 PM	Gathering logins
8/17/2018 1:03:10 PM	Gathering server audits
8/17/2018 1:03:11 PM	Scanning project for duplicate elements
8/17/2018 1:03:11 PM	Finished duplicate element processing
8/17/2018 1:03:11 PM	Finished importing database.
8/17/2018 1:03:11 PM	A summary of the import was saved to the following location: C:\Users\alverer\Documents\GitHub\ProtoAM01\BTAM_SSDT\Import Schema Logs\BTAM_SSDT_20180817050300.log
8/17/2018 1:03:11 PM	Click Finish to continue...
